<?xml version="1.0" encoding="UTF-8"?>
<!-- Generated by org.testng.reporters.JUnitReportReporter -->
<testsuite hostname="Meena-Laptop" failures="0" tests="1" name="com.automation.tests.LeadsTest" time="18.496" errors="0" timestamp="2024-10-21T12:40:19 CDT" skipped="0">
  <testcase classname="com.automation.tests.LeadsTest" name="TC24CreateNewLeads" time="18.496"/>
  <system-out/>
</testsuite> <!-- com.automation.tests.LeadsTest -->
