<?xml version="1.0" encoding="UTF-8"?>
<!-- Generated by org.testng.reporters.JUnitReportReporter -->
<testsuite hostname="Meena-Laptop" failures="0" tests="1" name="com.automation.tests.LoginTests" time="3.261" errors="0" timestamp="2024-10-21T11:06:45 CDT" skipped="0">
  <testcase classname="com.automation.tests.LoginTests" name="TC4B_ValidateLoginErrorMsg" time="3.261"/>
  <system-out/>
</testsuite> <!-- com.automation.tests.LoginTests -->
