<?xml version="1.0" encoding="UTF-8"?>
<!-- Generated by org.testng.reporters.JUnitReportReporter -->
<testsuite hostname="Meena-Laptop" failures="0" tests="1" name="com.automation.tests.OpportunityTests" time="9.216" errors="0" timestamp="2024-10-27T20:38:04 CDT" skipped="0">
  <testcase classname="com.automation.tests.OpportunityTests" name="TC19TestQuarterlySummaryReport" time="9.216"/>
  <system-out/>
</testsuite> <!-- com.automation.tests.OpportunityTests -->
