<?xml version="1.0" encoding="UTF-8"?>
<!-- Generated by org.testng.reporters.JUnitReportReporter -->
<testsuite hostname="Meena-Laptop" failures="0" tests="1" name="com.automation.tests.AccountTests" time="10.899" errors="0" timestamp="2024-10-23T11:00:44 CDT" skipped="0">
  <testcase classname="com.automation.tests.AccountTests" name="TC13_Merge_Accounts" time="10.899"/>
  <system-out/>
</testsuite> <!-- com.automation.tests.AccountTests -->
