<?xml version="1.0" encoding="UTF-8"?>
<!-- Generated by org.testng.reporters.JUnitReportReporter -->
<testsuite hostname="Meena-Laptop" failures="0" tests="1" name="com.automation.tests.ContactsTests" time="14.809" errors="0" timestamp="2024-10-27T22:56:37 CDT" skipped="0">
  <testcase classname="com.automation.tests.ContactsTests" name="TC34_Edit_UserLastName" time="14.809"/>
  <system-out/>
</testsuite> <!-- com.automation.tests.ContactsTests -->
