<?xml version="1.0" encoding="UTF-8"?>
<!-- Generated by org.testng.reporters.JUnitReportReporter -->
<testsuite hostname="Meena-Laptop" failures="0" tests="1" name="com.automation.tests.OpportunityTests" time="17.264" errors="0" timestamp="2024-10-21T11:45:53 CDT" skipped="0">
  <testcase classname="com.automation.tests.OpportunityTests" name="TC16CreateNewOpty" time="17.264"/>
  <system-out/>
</testsuite> <!-- com.automation.tests.OpportunityTests -->
