<?xml version="1.0" encoding="UTF-8"?>
<!-- Generated by org.testng.reporters.JUnitReportReporter -->
<testsuite hostname="Meena-Laptop" failures="0" tests="1" name="com.automation.tests.ContactsTests" time="10.649" errors="0" timestamp="2024-10-25T19:30:54 CDT" skipped="0">
  <testcase classname="com.automation.tests.ContactsTests" name="TC33_Verify_LoggedInUser" time="10.649"/>
  <system-out/>
</testsuite> <!-- com.automation.tests.ContactsTests -->
