<?xml version="1.0" encoding="UTF-8"?>
<!-- Generated by org.testng.reporters.JUnitReportReporter -->
<testsuite hostname="Meena-Laptop" failures="0" tests="1" name="com.automation.tests.UserMenuOptionsTests" time="11.035" errors="0" timestamp="2024-10-22T07:45:02 CDT" skipped="0">
  <testcase classname="com.automation.tests.UserMenuOptionsTests" name="TC8_DeveloperConsole_UserNameMenu" time="11.035"/>
  <system-out/>
</testsuite> <!-- com.automation.tests.UserMenuOptionsTests -->
