<?xml version="1.0" encoding="UTF-8"?>
<!-- Generated by org.testng.reporters.JUnitReportReporter -->
<testsuite hostname="Meena-Laptop" failures="0" tests="1" name="com.automation.tests.AccountTests" time="18.645" errors="0" timestamp="2024-10-27T15:37:27 CDT" skipped="0">
  <testcase classname="com.automation.tests.AccountTests" name="TC14_Create_AccountReport" time="18.645"/>
  <system-out/>
</testsuite> <!-- com.automation.tests.AccountTests -->
